[2021-Apr-06 17:53:16] [main] [DEBUG] [com.wayne.project.LogExample] [Debug here] 
[2021-Apr-06 17:53:16] [main] [FATAL] [com.wayne.project.LogExample] [Fatal here] 
[2021-Apr-06 17:53:16] [main] [ERROR] [com.wayne.project.LogExample] [Error here] 
[2021-Apr-06 17:53:16] [main] [WARN] [com.wayne.project.LogExample] [Warning here] 
[2021-Apr-06 17:53:16] [main] [INFO] [com.wayne.project.LogExample] [Info here] 
[2021-Apr-06 17:53:16] [main] [DEBUG] [com.wayne.project.LogExample] [Debug here] 
[2021-Apr-06 17:53:16] [main] [FATAL] [com.wayne.project.LogExample] [Fatal here] 
[2021-Apr-06 17:53:16] [main] [ERROR] [com.wayne.project.LogExample] [Error here] 
[2021-Apr-06 17:53:16] [main] [WARN] [com.wayne.project.LogExample] [Warning here] 
[2021-Apr-06 17:53:16] [main] [INFO] [com.wayne.project.LogExample] [Info here] 
[2021-Apr-06 17:53:16] [main] [DEBUG] [com.wayne.project.LogExample] [Debug here] 
[2021-Apr-06 17:53:16] [main] [FATAL] [com.wayne.project.LogExample] [Fatal here] 
[2021-Apr-06 17:53:16] [main] [ERROR] [com.wayne.project.LogExample] [Error here] 
[2021-Apr-06 17:53:16] [main] [WARN] [com.wayne.project.LogExample] [Warning here] 
[2021-Apr-06 17:53:16] [main] [INFO] [com.wayne.project.LogExample] [Info here] 
[2021-Apr-06 17:53:16] [main] [DEBUG] [com.wayne.project.LogExample] [Debug here] 
[2021-Apr-06 17:53:16] [main] [FATAL] [com.wayne.project.LogExample] [Fatal here] 
[2021-Apr-06 17:53:16] [main] [ERROR] [com.wayne.project.LogExample] [Error here] 
[2021-Apr-06 17:53:16] [main] [WARN] [com.wayne.project.LogExample] [Warning here] 
[2021-Apr-06 17:53:21] [main] [INFO] [com.wayne.project.LogExample] [Info here] 
[2021-Apr-06 17:53:21] [main] [DEBUG] [com.wayne.project.LogExample] [Debug here] 
[2021-Apr-06 17:53:21] [main] [FATAL] [com.wayne.project.LogExample] [Fatal here] 
[2021-Apr-06 17:53:21] [main] [ERROR] [com.wayne.project.LogExample] [Error here] 
[2021-Apr-06 17:53:21] [main] [WARN] [com.wayne.project.LogExample] [Warning here] 
[2021-Apr-06 17:53:21] [main] [INFO] [com.wayne.project.LogExample] [Info here] 
[2021-Apr-06 17:53:21] [main] [DEBUG] [com.wayne.project.LogExample] [Debug here] 
[2021-Apr-06 17:53:21] [main] [FATAL] [com.wayne.project.LogExample] [Fatal here] 
[2021-Apr-06 17:53:21] [main] [ERROR] [com.wayne.project.LogExample] [Error here] 
[2021-Apr-06 17:53:21] [main] [WARN] [com.wayne.project.LogExample] [Warning here] 
[2021-Apr-06 17:53:21] [main] [INFO] [com.wayne.project.LogExample] [Info here] 
[2021-Apr-06 17:53:21] [main] [DEBUG] [com.wayne.project.LogExample] [Debug here] 
[2021-Apr-06 17:53:21] [main] [FATAL] [com.wayne.project.LogExample] [Fatal here] 
[2021-Apr-06 17:53:21] [main] [ERROR] [com.wayne.project.LogExample] [Error here] 
[2021-Apr-06 17:53:21] [main] [WARN] [com.wayne.project.LogExample] [Warning here] 
[2021-Apr-06 17:53:21] [main] [INFO] [com.wayne.project.LogExample] [Info here] 
[2021-Apr-06 17:53:21] [main] [DEBUG] [com.wayne.project.LogExample] [Debug here] 
[2021-Apr-06 17:53:21] [main] [FATAL] [com.wayne.project.LogExample] [Fatal here] 
[2021-Apr-06 17:53:21] [main] [ERROR] [com.wayne.project.LogExample] [Error here] 
[2021-Apr-06 17:53:21] [main] [WARN] [com.wayne.project.LogExample] [Warning here] 
[2021-Apr-06 17:53:21] [main] [INFO] [com.wayne.project.LogExample] [Info here] 
[2021-Apr-06 17:53:21] [main] [DEBUG] [com.wayne.project.LogExample] [Debug here] 
[2021-Apr-06 17:53:21] [main] [FATAL] [com.wayne.project.LogExample] [Fatal here] 
[2021-Apr-06 17:53:21] [main] [ERROR] [com.wayne.project.LogExample] [Error here] 
[2021-Apr-06 17:53:21] [main] [WARN] [com.wayne.project.LogExample] [Warning here] 
[2021-Apr-06 17:53:21] [main] [INFO] [com.wayne.project.LogExample] [Info here] 
[2021-Apr-06 17:53:21] [main] [DEBUG] [com.wayne.project.LogExample] [Debug here] 
[2021-Apr-06 17:53:21] [main] [FATAL] [com.wayne.project.LogExample] [Fatal here] 
[2021-Apr-06 17:53:21] [main] [ERROR] [com.wayne.project.LogExample] [Error here] 
[2021-Apr-06 17:53:21] [main] [WARN] [com.wayne.project.LogExample] [Warning here] 
[2021-Apr-06 17:53:21] [main] [INFO] [com.wayne.project.LogExample] [Info here] 
[2021-Apr-06 17:53:21] [main] [DEBUG] [com.wayne.project.LogExample] [Debug here] 
[2021-Apr-06 17:53:21] [main] [FATAL] [com.wayne.project.LogExample] [Fatal here] 
[2021-Apr-06 17:53:21] [main] [ERROR] [com.wayne.project.LogExample] [Error here] 
[2021-Apr-06 17:53:21] [main] [WARN] [com.wayne.project.LogExample] [Warning here] 
[2021-Apr-09 00:45:01] [main] [INFO] [com.wayne.project.accountInformation.AccountStatement] [Showing current month statement] 
[2021-Apr-09 00:46:23] [main] [INFO] [com.wayne.project.accountInformation.AccountStatement] [Showing current month statement] 
[2021-Apr-09 00:47:00] [main] [INFO] [com.wayne.project.accountInformation.AccountStatement] [Showing current month statement] 
[2021-Apr-09 00:48:56] [main] [INFO] [com.wayne.project.accountInformation.AccountStatement] [Showing current month statement] 
[2021-Apr-09 05:00:15] [main] [INFO] [com.wayne.project.accountInformation.AccountStatement] [Showing current month statement] 
[2021-Apr-09 05:36:58] [main] [INFO] [com.wayne.project.LogExample] [Info here] 
[2021-Apr-09 05:36:58] [main] [DEBUG] [com.wayne.project.LogExample] [Debug here] 
[2021-Apr-09 05:36:58] [main] [FATAL] [com.wayne.project.LogExample] [Fatal here] 
[2021-Apr-09 05:36:58] [main] [ERROR] [com.wayne.project.LogExample] [Error here] 
[2021-Apr-09 05:36:58] [main] [WARN] [com.wayne.project.LogExample] [Warning here] 
[2021-Apr-09 05:36:58] [main] [INFO] [com.wayne.project.LogExample] [Info here] 
[2021-Apr-09 05:36:58] [main] [DEBUG] [com.wayne.project.LogExample] [Debug here] 
[2021-Apr-09 05:36:58] [main] [FATAL] [com.wayne.project.LogExample] [Fatal here] 
[2021-Apr-09 05:36:58] [main] [ERROR] [com.wayne.project.LogExample] [Error here] 
[2021-Apr-09 05:36:58] [main] [WARN] [com.wayne.project.LogExample] [Warning here] 
[2021-Apr-09 05:36:58] [main] [INFO] [com.wayne.project.LogExample] [Info here] 
[2021-Apr-09 05:36:58] [main] [DEBUG] [com.wayne.project.LogExample] [Debug here] 
[2021-Apr-09 05:36:58] [main] [FATAL] [com.wayne.project.LogExample] [Fatal here] 
[2021-Apr-09 05:36:58] [main] [ERROR] [com.wayne.project.LogExample] [Error here] 
[2021-Apr-09 05:36:58] [main] [WARN] [com.wayne.project.LogExample] [Warning here] 
[2021-Apr-09 05:36:58] [main] [INFO] [com.wayne.project.LogExample] [Info here] 
[2021-Apr-09 05:36:58] [main] [DEBUG] [com.wayne.project.LogExample] [Debug here] 
[2021-Apr-09 05:36:58] [main] [FATAL] [com.wayne.project.LogExample] [Fatal here] 
[2021-Apr-09 05:36:58] [main] [ERROR] [com.wayne.project.LogExample] [Error here] 
[2021-Apr-09 05:36:58] [main] [WARN] [com.wayne.project.LogExample] [Warning here] 
[2021-Apr-09 05:36:58] [main] [INFO] [com.wayne.project.LogExample] [Info here] 
[2021-Apr-09 05:36:58] [main] [DEBUG] [com.wayne.project.LogExample] [Debug here] 
[2021-Apr-09 05:36:58] [main] [FATAL] [com.wayne.project.LogExample] [Fatal here] 
[2021-Apr-09 05:36:58] [main] [ERROR] [com.wayne.project.LogExample] [Error here] 
