[2021-Apr-06 17:53:16] [main] [DEBUG] [com.wayne.project.utility.LogExample] [Debug here]
[2021-Apr-06 17:53:16] [main] [FATAL] [com.wayne.project.utility.LogExample] [Fatal here]
[2021-Apr-06 17:53:16] [main] [ERROR] [com.wayne.project.utility.LogExample] [Error here]
[2021-Apr-06 17:53:16] [main] [WARN] [com.wayne.project.utility.LogExample] [Warning here]
[2021-Apr-06 17:53:16] [main] [INFO] [com.wayne.project.utility.LogExample] [Info here]
[2021-Apr-06 17:53:16] [main] [DEBUG] [com.wayne.project.utility.LogExample] [Debug here]
[2021-Apr-06 17:53:16] [main] [FATAL] [com.wayne.project.utility.LogExample] [Fatal here]
[2021-Apr-06 17:53:16] [main] [ERROR] [com.wayne.project.utility.LogExample] [Error here]
[2021-Apr-06 17:53:16] [main] [WARN] [com.wayne.project.utility.LogExample] [Warning here]
[2021-Apr-06 17:53:16] [main] [INFO] [com.wayne.project.utility.LogExample] [Info here]
[2021-Apr-06 17:53:16] [main] [DEBUG] [com.wayne.project.utility.LogExample] [Debug here]
[2021-Apr-06 17:53:16] [main] [FATAL] [com.wayne.project.utility.LogExample] [Fatal here]
[2021-Apr-06 17:53:16] [main] [ERROR] [com.wayne.project.utility.LogExample] [Error here]
[2021-Apr-06 17:53:16] [main] [WARN] [com.wayne.project.utility.LogExample] [Warning here]
[2021-Apr-06 17:53:16] [main] [INFO] [com.wayne.project.utility.LogExample] [Info here]
[2021-Apr-06 17:53:16] [main] [DEBUG] [com.wayne.project.utility.LogExample] [Debug here]
[2021-Apr-06 17:53:16] [main] [FATAL] [com.wayne.project.utility.LogExample] [Fatal here]
[2021-Apr-06 17:53:16] [main] [ERROR] [com.wayne.project.utility.LogExample] [Error here]
[2021-Apr-06 17:53:16] [main] [WARN] [com.wayne.project.utility.LogExample] [Warning here]
[2021-Apr-06 17:53:21] [main] [INFO] [com.wayne.project.utility.LogExample] [Info here]
[2021-Apr-06 17:53:21] [main] [DEBUG] [com.wayne.project.utility.LogExample] [Debug here]
[2021-Apr-06 17:53:21] [main] [FATAL] [com.wayne.project.utility.LogExample] [Fatal here]
[2021-Apr-06 17:53:21] [main] [ERROR] [com.wayne.project.utility.LogExample] [Error here]
[2021-Apr-06 17:53:21] [main] [WARN] [com.wayne.project.utility.LogExample] [Warning here]
[2021-Apr-06 17:53:21] [main] [INFO] [com.wayne.project.utility.LogExample] [Info here]
[2021-Apr-06 17:53:21] [main] [DEBUG] [com.wayne.project.utility.LogExample] [Debug here]
[2021-Apr-06 17:53:21] [main] [FATAL] [com.wayne.project.utility.LogExample] [Fatal here]
[2021-Apr-06 17:53:21] [main] [ERROR] [com.wayne.project.utility.LogExample] [Error here]
[2021-Apr-06 17:53:21] [main] [WARN] [com.wayne.project.utility.LogExample] [Warning here]
[2021-Apr-06 17:53:21] [main] [INFO] [com.wayne.project.utility.LogExample] [Info here]
[2021-Apr-06 17:53:21] [main] [DEBUG] [com.wayne.project.utility.LogExample] [Debug here]
[2021-Apr-06 17:53:21] [main] [FATAL] [com.wayne.project.utility.LogExample] [Fatal here]
[2021-Apr-06 17:53:21] [main] [ERROR] [com.wayne.project.utility.LogExample] [Error here]
[2021-Apr-06 17:53:21] [main] [WARN] [com.wayne.project.utility.LogExample] [Warning here]
[2021-Apr-06 17:53:21] [main] [INFO] [com.wayne.project.utility.LogExample] [Info here]
[2021-Apr-06 17:53:21] [main] [DEBUG] [com.wayne.project.utility.LogExample] [Debug here]
[2021-Apr-06 17:53:21] [main] [FATAL] [com.wayne.project.utility.LogExample] [Fatal here]
[2021-Apr-06 17:53:21] [main] [ERROR] [com.wayne.project.utility.LogExample] [Error here]
[2021-Apr-06 17:53:21] [main] [WARN] [com.wayne.project.utility.LogExample] [Warning here]
[2021-Apr-06 17:53:21] [main] [INFO] [com.wayne.project.utility.LogExample] [Info here]
[2021-Apr-06 17:53:21] [main] [DEBUG] [com.wayne.project.utility.LogExample] [Debug here]
[2021-Apr-06 17:53:21] [main] [FATAL] [com.wayne.project.utility.LogExample] [Fatal here]
[2021-Apr-06 17:53:21] [main] [ERROR] [com.wayne.project.utility.LogExample] [Error here]
[2021-Apr-06 17:53:21] [main] [WARN] [com.wayne.project.utility.LogExample] [Warning here]
[2021-Apr-06 17:53:21] [main] [INFO] [com.wayne.project.utility.LogExample] [Info here]
[2021-Apr-06 17:53:21] [main] [DEBUG] [com.wayne.project.utility.LogExample] [Debug here]
[2021-Apr-06 17:53:21] [main] [FATAL] [com.wayne.project.utility.LogExample] [Fatal here]
[2021-Apr-06 17:53:21] [main] [ERROR] [com.wayne.project.utility.LogExample] [Error here]
[2021-Apr-06 17:53:21] [main] [WARN] [com.wayne.project.utility.LogExample] [Warning here]
[2021-Apr-06 17:53:21] [main] [INFO] [com.wayne.project.utility.LogExample] [Info here]
[2021-Apr-06 17:53:21] [main] [DEBUG] [com.wayne.project.utility.LogExample] [Debug here]
[2021-Apr-06 17:53:21] [main] [FATAL] [com.wayne.project.utility.LogExample] [Fatal here]
[2021-Apr-06 17:53:21] [main] [ERROR] [com.wayne.project.utility.LogExample] [Error here]
[2021-Apr-06 17:53:21] [main] [WARN] [com.wayne.project.utility.LogExample] [Warning here]
